[main.cpp:527]: 
Game Version: EU4 v1.35.6.0 Ottomans
Time:2023-08-16 12:32
Configuration: Release
[history.cpp:468]: Executing History from -1.01.01 to  2.01.01
[history.cpp:468]: Executing History from 2.01.01 to  1444.11.11
[pdx_dlc.cpp:124]: Setting up DLC Star and Crescent : Disabled
[pdx_dlc.cpp:124]: Setting up DLC American Dream : Disabled
[pdx_dlc.cpp:124]: Setting up DLC Purple Phoenix : Disabled
[pdx_dlc.cpp:124]: Setting up DLC Conquest of Paradise : Disabled
[pdx_dlc.cpp:124]: Setting up DLC Wealth of Nations : Disabled
[pdx_dlc.cpp:124]: Setting up DLC Res Publica : Disabled
[pdx_dlc.cpp:124]: Setting up DLC Art of War : Disabled
[pdx_dlc.cpp:124]: Setting up DLC El Dorado : Disabled
[pdx_dlc.cpp:124]: Setting up DLC Women in History : Enabled
[pdx_dlc.cpp:124]: Setting up DLC Common Sense : Disabled
[pdx_dlc.cpp:124]: Setting up DLC The Cossacks : Disabled
[pdx_dlc.cpp:124]: Setting up DLC Muslim Advisor Portraits : Disabled
[pdx_dlc.cpp:124]: Setting up DLC National Monuments : Disabled
[pdx_dlc.cpp:124]: Setting up DLC National Monuments II : Disabled
[pdx_dlc.cpp:124]: Setting up DLC Mare Nostrum : Disabled
[pdx_dlc.cpp:124]: Setting up DLC Rights of Man : Disabled
[pdx_dlc.cpp:124]: Setting up DLC Mandate of Heaven : Disabled
[pdx_dlc.cpp:124]: Setting up DLC Third Rome : Disabled
[pdx_dlc.cpp:124]: Setting up DLC Cradle of Civilization : Disabled
[pdx_dlc.cpp:124]: Setting up DLC Rule Britannia : Disabled
[pdx_dlc.cpp:124]: Setting up DLC Dharma : Disabled
[pdx_dlc.cpp:124]: Setting up DLC Dharma - Indian Sultanate Pack : Disabled
[pdx_dlc.cpp:124]: Setting up DLC Dharma - Hindu Unit Pack : Disabled
[pdx_dlc.cpp:124]: Setting up DLC Golden Century : Disabled
[pdx_dlc.cpp:124]: Setting up DLC Emperor : Disabled
[pdx_dlc.cpp:124]: Setting up DLC Leviathan : Disabled
[pdx_dlc.cpp:124]: Setting up DLC Origins : Disabled
[pdx_dlc.cpp:124]: Setting up DLC Lions of the North : Disabled
[pdx_dlc.cpp:124]: Setting up DLC Domination : Disabled
